<?xml version="1.0" encoding="UTF-8"?>
<!-- Generated by org.testng.reporters.JUnitReportReporter -->
<testsuite hostname="DESKTOP-9MI9O1Q" failures="0" tests="3" name="com.orangehrm.tests.LoginTests" time="4.879" errors="0" timestamp="16 Aug 2021 05:40:13 GMT" skipped="0">
  <testcase classname="com.orangehrm.tests.LoginTests" name="testLoginEmptyUsername" time="1.166"/>
  <testcase classname="com.orangehrm.tests.LoginTests" name="testLoginBadPassword" time="1.860"/>
  <testcase classname="com.orangehrm.tests.LoginTests" name="testLogin" time="1.853"/>
</testsuite> <!-- com.orangehrm.tests.LoginTests -->
