<?xml version="1.0" encoding="UTF-8"?>
<!-- Generated by org.testng.reporters.JUnitReportReporter -->
<testsuite hostname="DESKTOP-9MI9O1Q" failures="0" tests="3" name="com.orangehrm.tests.LoginTests" time="4.479" errors="0" timestamp="11 Aug 2021 17:16:59 GMT" skipped="0">
  <testcase classname="com.orangehrm.tests.LoginTests" name="testLoginBadPassword" time="1.862"/>
  <testcase classname="com.orangehrm.tests.LoginTests" name="testLoginEmptyUsername" time="0.398"/>
  <testcase classname="com.orangehrm.tests.LoginTests" name="testLogin" time="2.219"/>
</testsuite> <!-- com.orangehrm.tests.LoginTests -->
